ARM GAS  C:\Users\25339\AppData\Local\Temp\ccYbDpfW.s 			page 1


   1              		.cpu cortex-m3
   2              		.eabi_attribute 20, 1
   3              		.eabi_attribute 21, 1
   4              		.eabi_attribute 23, 3
   5              		.eabi_attribute 24, 1
   6              		.eabi_attribute 25, 1
   7              		.eabi_attribute 26, 1
   8              		.eabi_attribute 30, 1
   9              		.eabi_attribute 34, 1
  10              		.eabi_attribute 18, 4
  11              		.file	"tim.c"
  12              		.text
  13              	.Ltext0:
  14              		.cfi_sections	.debug_frame
  15              		.section	.text.MX_TIM6_Init,"ax",%progbits
  16              		.align	1
  17              		.global	MX_TIM6_Init
  18              		.arch armv7-m
  19              		.syntax unified
  20              		.thumb
  21              		.thumb_func
  22              		.fpu softvfp
  24              	MX_TIM6_Init:
  25              	.LFB65:
  26              		.file 1 "Src/tim.c"
   1:Src/tim.c     **** /**
   2:Src/tim.c     ****   ******************************************************************************
   3:Src/tim.c     ****   * File Name          : TIM.c
   4:Src/tim.c     ****   * Description        : This file provides code for the configuration
   5:Src/tim.c     ****   *                      of the TIM instances.
   6:Src/tim.c     ****   ******************************************************************************
   7:Src/tim.c     ****   * @attention
   8:Src/tim.c     ****   *
   9:Src/tim.c     ****   * <h2><center>&copy; Copyright (c) 2020 STMicroelectronics.
  10:Src/tim.c     ****   * All rights reserved.</center></h2>
  11:Src/tim.c     ****   *
  12:Src/tim.c     ****   * This software component is licensed by ST under BSD 3-Clause license,
  13:Src/tim.c     ****   * the "License"; You may not use this file except in compliance with the
  14:Src/tim.c     ****   * License. You may obtain a copy of the License at:
  15:Src/tim.c     ****   *                        opensource.org/licenses/BSD-3-Clause
  16:Src/tim.c     ****   *
  17:Src/tim.c     ****   ******************************************************************************
  18:Src/tim.c     ****   */
  19:Src/tim.c     **** 
  20:Src/tim.c     **** /* Includes ------------------------------------------------------------------*/
  21:Src/tim.c     **** #include "tim.h"
  22:Src/tim.c     **** 
  23:Src/tim.c     **** /* USER CODE BEGIN 0 */
  24:Src/tim.c     **** uint8_t g_1s_tick = 0;
  25:Src/tim.c     **** uint8_t g_1s_flag = 0;
  26:Src/tim.c     **** /* USER CODE END 0 */
  27:Src/tim.c     **** 
  28:Src/tim.c     **** TIM_HandleTypeDef htim6;
  29:Src/tim.c     **** 
  30:Src/tim.c     **** /* TIM6 init function */
  31:Src/tim.c     **** void MX_TIM6_Init(void)
  32:Src/tim.c     **** {
ARM GAS  C:\Users\25339\AppData\Local\Temp\ccYbDpfW.s 			page 2


  27              		.loc 1 32 1 view -0
  28              		.cfi_startproc
  29              		@ args = 0, pretend = 0, frame = 8
  30              		@ frame_needed = 0, uses_anonymous_args = 0
  31 0000 00B5     		push	{lr}
  32              	.LCFI0:
  33              		.cfi_def_cfa_offset 4
  34              		.cfi_offset 14, -4
  35 0002 83B0     		sub	sp, sp, #12
  36              	.LCFI1:
  37              		.cfi_def_cfa_offset 16
  33:Src/tim.c     ****   TIM_MasterConfigTypeDef sMasterConfig = {0};
  38              		.loc 1 33 3 view .LVU1
  39              		.loc 1 33 27 is_stmt 0 view .LVU2
  40 0004 0023     		movs	r3, #0
  41 0006 0093     		str	r3, [sp]
  42 0008 0193     		str	r3, [sp, #4]
  34:Src/tim.c     **** 
  35:Src/tim.c     ****   htim6.Instance = TIM6;
  43              		.loc 1 35 3 is_stmt 1 view .LVU3
  44              		.loc 1 35 18 is_stmt 0 view .LVU4
  45 000a 0F48     		ldr	r0, .L7
  46 000c 0F4A     		ldr	r2, .L7+4
  47 000e 0260     		str	r2, [r0]
  36:Src/tim.c     ****   htim6.Init.Prescaler = 71;
  48              		.loc 1 36 3 is_stmt 1 view .LVU5
  49              		.loc 1 36 24 is_stmt 0 view .LVU6
  50 0010 4722     		movs	r2, #71
  51 0012 4260     		str	r2, [r0, #4]
  37:Src/tim.c     ****   htim6.Init.CounterMode = TIM_COUNTERMODE_UP;
  52              		.loc 1 37 3 is_stmt 1 view .LVU7
  53              		.loc 1 37 26 is_stmt 0 view .LVU8
  54 0014 8360     		str	r3, [r0, #8]
  38:Src/tim.c     ****   htim6.Init.Period = 20000;
  55              		.loc 1 38 3 is_stmt 1 view .LVU9
  56              		.loc 1 38 21 is_stmt 0 view .LVU10
  57 0016 44F62062 		movw	r2, #20000
  58 001a C260     		str	r2, [r0, #12]
  39:Src/tim.c     ****   htim6.Init.AutoReloadPreload = TIM_AUTORELOAD_PRELOAD_DISABLE;
  59              		.loc 1 39 3 is_stmt 1 view .LVU11
  60              		.loc 1 39 32 is_stmt 0 view .LVU12
  61 001c 8361     		str	r3, [r0, #24]
  40:Src/tim.c     ****   if (HAL_TIM_Base_Init(&htim6) != HAL_OK)
  62              		.loc 1 40 3 is_stmt 1 view .LVU13
  63              		.loc 1 40 7 is_stmt 0 view .LVU14
  64 001e FFF7FEFF 		bl	HAL_TIM_Base_Init
  65              	.LVL0:
  66              		.loc 1 40 6 view .LVU15
  67 0022 50B9     		cbnz	r0, .L5
  68              	.L2:
  41:Src/tim.c     ****   {
  42:Src/tim.c     ****     Error_Handler();
  43:Src/tim.c     ****   }
  44:Src/tim.c     ****   sMasterConfig.MasterOutputTrigger = TIM_TRGO_RESET;
  69              		.loc 1 44 3 is_stmt 1 view .LVU16
  70              		.loc 1 44 37 is_stmt 0 view .LVU17
  71 0024 0023     		movs	r3, #0
ARM GAS  C:\Users\25339\AppData\Local\Temp\ccYbDpfW.s 			page 3


  72 0026 0093     		str	r3, [sp]
  45:Src/tim.c     ****   sMasterConfig.MasterSlaveMode = TIM_MASTERSLAVEMODE_DISABLE;
  73              		.loc 1 45 3 is_stmt 1 view .LVU18
  74              		.loc 1 45 33 is_stmt 0 view .LVU19
  75 0028 0193     		str	r3, [sp, #4]
  46:Src/tim.c     ****   if (HAL_TIMEx_MasterConfigSynchronization(&htim6, &sMasterConfig) != HAL_OK)
  76              		.loc 1 46 3 is_stmt 1 view .LVU20
  77              		.loc 1 46 7 is_stmt 0 view .LVU21
  78 002a 6946     		mov	r1, sp
  79 002c 0648     		ldr	r0, .L7
  80 002e FFF7FEFF 		bl	HAL_TIMEx_MasterConfigSynchronization
  81              	.LVL1:
  82              		.loc 1 46 6 view .LVU22
  83 0032 28B9     		cbnz	r0, .L6
  84              	.L1:
  47:Src/tim.c     ****   {
  48:Src/tim.c     ****     Error_Handler();
  49:Src/tim.c     ****   }
  50:Src/tim.c     **** 
  51:Src/tim.c     **** }
  85              		.loc 1 51 1 view .LVU23
  86 0034 03B0     		add	sp, sp, #12
  87              	.LCFI2:
  88              		.cfi_remember_state
  89              		.cfi_def_cfa_offset 4
  90              		@ sp needed
  91 0036 5DF804FB 		ldr	pc, [sp], #4
  92              	.L5:
  93              	.LCFI3:
  94              		.cfi_restore_state
  42:Src/tim.c     ****   }
  95              		.loc 1 42 5 is_stmt 1 view .LVU24
  96 003a FFF7FEFF 		bl	Error_Handler
  97              	.LVL2:
  98 003e F1E7     		b	.L2
  99              	.L6:
  48:Src/tim.c     ****   }
 100              		.loc 1 48 5 view .LVU25
 101 0040 FFF7FEFF 		bl	Error_Handler
 102              	.LVL3:
 103              		.loc 1 51 1 is_stmt 0 view .LVU26
 104 0044 F6E7     		b	.L1
 105              	.L8:
 106 0046 00BF     		.align	2
 107              	.L7:
 108 0048 00000000 		.word	htim6
 109 004c 00100040 		.word	1073745920
 110              		.cfi_endproc
 111              	.LFE65:
 113              		.section	.text.HAL_TIM_Base_MspInit,"ax",%progbits
 114              		.align	1
 115              		.global	HAL_TIM_Base_MspInit
 116              		.syntax unified
 117              		.thumb
 118              		.thumb_func
 119              		.fpu softvfp
 121              	HAL_TIM_Base_MspInit:
ARM GAS  C:\Users\25339\AppData\Local\Temp\ccYbDpfW.s 			page 4


 122              	.LVL4:
 123              	.LFB66:
  52:Src/tim.c     **** 
  53:Src/tim.c     **** void HAL_TIM_Base_MspInit(TIM_HandleTypeDef* tim_baseHandle)
  54:Src/tim.c     **** {
 124              		.loc 1 54 1 is_stmt 1 view -0
 125              		.cfi_startproc
 126              		@ args = 0, pretend = 0, frame = 8
 127              		@ frame_needed = 0, uses_anonymous_args = 0
  55:Src/tim.c     **** 
  56:Src/tim.c     ****   if(tim_baseHandle->Instance==TIM6)
 128              		.loc 1 56 3 view .LVU28
 129              		.loc 1 56 20 is_stmt 0 view .LVU29
 130 0000 0268     		ldr	r2, [r0]
 131              		.loc 1 56 5 view .LVU30
 132 0002 0E4B     		ldr	r3, .L16
 133 0004 9A42     		cmp	r2, r3
 134 0006 00D0     		beq	.L15
 135 0008 7047     		bx	lr
 136              	.L15:
  54:Src/tim.c     **** 
 137              		.loc 1 54 1 view .LVU31
 138 000a 00B5     		push	{lr}
 139              	.LCFI4:
 140              		.cfi_def_cfa_offset 4
 141              		.cfi_offset 14, -4
 142 000c 83B0     		sub	sp, sp, #12
 143              	.LCFI5:
 144              		.cfi_def_cfa_offset 16
  57:Src/tim.c     ****   {
  58:Src/tim.c     ****   /* USER CODE BEGIN TIM6_MspInit 0 */
  59:Src/tim.c     **** 
  60:Src/tim.c     ****   /* USER CODE END TIM6_MspInit 0 */
  61:Src/tim.c     ****     /* TIM6 clock enable */
  62:Src/tim.c     ****     __HAL_RCC_TIM6_CLK_ENABLE();
 145              		.loc 1 62 5 is_stmt 1 view .LVU32
 146              	.LBB2:
 147              		.loc 1 62 5 view .LVU33
 148              		.loc 1 62 5 view .LVU34
 149 000e 03F50033 		add	r3, r3, #131072
 150 0012 DA69     		ldr	r2, [r3, #28]
 151 0014 42F01002 		orr	r2, r2, #16
 152 0018 DA61     		str	r2, [r3, #28]
 153              		.loc 1 62 5 view .LVU35
 154 001a DB69     		ldr	r3, [r3, #28]
 155 001c 03F01003 		and	r3, r3, #16
 156 0020 0193     		str	r3, [sp, #4]
 157              		.loc 1 62 5 view .LVU36
 158 0022 019B     		ldr	r3, [sp, #4]
 159              	.LBE2:
 160              		.loc 1 62 5 view .LVU37
  63:Src/tim.c     **** 
  64:Src/tim.c     ****     /* TIM6 interrupt Init */
  65:Src/tim.c     ****     HAL_NVIC_SetPriority(TIM6_IRQn, 0, 0);
 161              		.loc 1 65 5 view .LVU38
 162 0024 0022     		movs	r2, #0
 163 0026 1146     		mov	r1, r2
ARM GAS  C:\Users\25339\AppData\Local\Temp\ccYbDpfW.s 			page 5


 164 0028 3620     		movs	r0, #54
 165              	.LVL5:
 166              		.loc 1 65 5 is_stmt 0 view .LVU39
 167 002a FFF7FEFF 		bl	HAL_NVIC_SetPriority
 168              	.LVL6:
  66:Src/tim.c     ****     HAL_NVIC_EnableIRQ(TIM6_IRQn);
 169              		.loc 1 66 5 is_stmt 1 view .LVU40
 170 002e 3620     		movs	r0, #54
 171 0030 FFF7FEFF 		bl	HAL_NVIC_EnableIRQ
 172              	.LVL7:
  67:Src/tim.c     ****   /* USER CODE BEGIN TIM6_MspInit 1 */
  68:Src/tim.c     **** 
  69:Src/tim.c     ****   /* USER CODE END TIM6_MspInit 1 */
  70:Src/tim.c     ****   }
  71:Src/tim.c     **** }
 173              		.loc 1 71 1 is_stmt 0 view .LVU41
 174 0034 03B0     		add	sp, sp, #12
 175              	.LCFI6:
 176              		.cfi_def_cfa_offset 4
 177              		@ sp needed
 178 0036 5DF804FB 		ldr	pc, [sp], #4
 179              	.L17:
 180 003a 00BF     		.align	2
 181              	.L16:
 182 003c 00100040 		.word	1073745920
 183              		.cfi_endproc
 184              	.LFE66:
 186              		.section	.text.HAL_TIM_Base_MspDeInit,"ax",%progbits
 187              		.align	1
 188              		.global	HAL_TIM_Base_MspDeInit
 189              		.syntax unified
 190              		.thumb
 191              		.thumb_func
 192              		.fpu softvfp
 194              	HAL_TIM_Base_MspDeInit:
 195              	.LVL8:
 196              	.LFB67:
  72:Src/tim.c     **** 
  73:Src/tim.c     **** void HAL_TIM_Base_MspDeInit(TIM_HandleTypeDef* tim_baseHandle)
  74:Src/tim.c     **** {
 197              		.loc 1 74 1 is_stmt 1 view -0
 198              		.cfi_startproc
 199              		@ args = 0, pretend = 0, frame = 0
 200              		@ frame_needed = 0, uses_anonymous_args = 0
 201              		.loc 1 74 1 is_stmt 0 view .LVU43
 202 0000 08B5     		push	{r3, lr}
 203              	.LCFI7:
 204              		.cfi_def_cfa_offset 8
 205              		.cfi_offset 3, -8
 206              		.cfi_offset 14, -4
  75:Src/tim.c     **** 
  76:Src/tim.c     ****   if(tim_baseHandle->Instance==TIM6)
 207              		.loc 1 76 3 is_stmt 1 view .LVU44
 208              		.loc 1 76 20 is_stmt 0 view .LVU45
 209 0002 0268     		ldr	r2, [r0]
 210              		.loc 1 76 5 view .LVU46
 211 0004 064B     		ldr	r3, .L22
ARM GAS  C:\Users\25339\AppData\Local\Temp\ccYbDpfW.s 			page 6


 212 0006 9A42     		cmp	r2, r3
 213 0008 00D0     		beq	.L21
 214              	.LVL9:
 215              	.L18:
  77:Src/tim.c     ****   {
  78:Src/tim.c     ****   /* USER CODE BEGIN TIM6_MspDeInit 0 */
  79:Src/tim.c     **** 
  80:Src/tim.c     ****   /* USER CODE END TIM6_MspDeInit 0 */
  81:Src/tim.c     ****     /* Peripheral clock disable */
  82:Src/tim.c     ****     __HAL_RCC_TIM6_CLK_DISABLE();
  83:Src/tim.c     **** 
  84:Src/tim.c     ****     /* TIM6 interrupt Deinit */
  85:Src/tim.c     ****     HAL_NVIC_DisableIRQ(TIM6_IRQn);
  86:Src/tim.c     ****   /* USER CODE BEGIN TIM6_MspDeInit 1 */
  87:Src/tim.c     **** 
  88:Src/tim.c     ****   /* USER CODE END TIM6_MspDeInit 1 */
  89:Src/tim.c     ****   }
  90:Src/tim.c     **** } 
 216              		.loc 1 90 1 view .LVU47
 217 000a 08BD     		pop	{r3, pc}
 218              	.LVL10:
 219              	.L21:
  82:Src/tim.c     **** 
 220              		.loc 1 82 5 is_stmt 1 view .LVU48
 221 000c 054A     		ldr	r2, .L22+4
 222 000e D369     		ldr	r3, [r2, #28]
 223 0010 23F01003 		bic	r3, r3, #16
 224 0014 D361     		str	r3, [r2, #28]
  85:Src/tim.c     ****   /* USER CODE BEGIN TIM6_MspDeInit 1 */
 225              		.loc 1 85 5 view .LVU49
 226 0016 3620     		movs	r0, #54
 227              	.LVL11:
  85:Src/tim.c     ****   /* USER CODE BEGIN TIM6_MspDeInit 1 */
 228              		.loc 1 85 5 is_stmt 0 view .LVU50
 229 0018 FFF7FEFF 		bl	HAL_NVIC_DisableIRQ
 230              	.LVL12:
 231              		.loc 1 90 1 view .LVU51
 232 001c F5E7     		b	.L18
 233              	.L23:
 234 001e 00BF     		.align	2
 235              	.L22:
 236 0020 00100040 		.word	1073745920
 237 0024 00100240 		.word	1073876992
 238              		.cfi_endproc
 239              	.LFE67:
 241              		.section	.text.HAL_TIM_PeriodElapsedCallback,"ax",%progbits
 242              		.align	1
 243              		.global	HAL_TIM_PeriodElapsedCallback
 244              		.syntax unified
 245              		.thumb
 246              		.thumb_func
 247              		.fpu softvfp
 249              	HAL_TIM_PeriodElapsedCallback:
 250              	.LVL13:
 251              	.LFB68:
  91:Src/tim.c     **** 
  92:Src/tim.c     **** /* USER CODE BEGIN 1 */
ARM GAS  C:\Users\25339\AppData\Local\Temp\ccYbDpfW.s 			page 7


  93:Src/tim.c     **** void HAL_TIM_PeriodElapsedCallback(TIM_HandleTypeDef *htim)
  94:Src/tim.c     **** {
 252              		.loc 1 94 1 is_stmt 1 view -0
 253              		.cfi_startproc
 254              		@ args = 0, pretend = 0, frame = 0
 255              		@ frame_needed = 0, uses_anonymous_args = 0
 256              		@ link register save eliminated.
  95:Src/tim.c     ****     if(htim->Instance == htim6.Instance)
 257              		.loc 1 95 5 view .LVU53
 258              		.loc 1 95 12 is_stmt 0 view .LVU54
 259 0000 0268     		ldr	r2, [r0]
 260              		.loc 1 95 31 view .LVU55
 261 0002 0B4B     		ldr	r3, .L27
 262 0004 1B68     		ldr	r3, [r3]
 263              		.loc 1 95 7 view .LVU56
 264 0006 9A42     		cmp	r2, r3
 265 0008 00D0     		beq	.L26
 266              	.L24:
  96:Src/tim.c     ****     {
  97:Src/tim.c     ****         /*定时20ms溢出*/
  98:Src/tim.c     ****         g_1s_tick++;
  99:Src/tim.c     ****         if (g_1s_tick > 50 && g_1s_flag == 0)
 100:Src/tim.c     ****         {
 101:Src/tim.c     ****             g_1s_tick = 0;
 102:Src/tim.c     ****             g_1s_flag = 1;
 103:Src/tim.c     ****         }
 104:Src/tim.c     ****     }
 105:Src/tim.c     **** }
 267              		.loc 1 105 1 view .LVU57
 268 000a 7047     		bx	lr
 269              	.L26:
  98:Src/tim.c     ****         if (g_1s_tick > 50 && g_1s_flag == 0)
 270              		.loc 1 98 9 is_stmt 1 view .LVU58
  98:Src/tim.c     ****         if (g_1s_tick > 50 && g_1s_flag == 0)
 271              		.loc 1 98 18 is_stmt 0 view .LVU59
 272 000c 094A     		ldr	r2, .L27+4
 273 000e 1378     		ldrb	r3, [r2]	@ zero_extendqisi2
 274 0010 0133     		adds	r3, r3, #1
 275 0012 DBB2     		uxtb	r3, r3
 276 0014 1370     		strb	r3, [r2]
  99:Src/tim.c     ****         {
 277              		.loc 1 99 9 is_stmt 1 view .LVU60
  99:Src/tim.c     ****         {
 278              		.loc 1 99 12 is_stmt 0 view .LVU61
 279 0016 322B     		cmp	r3, #50
 280 0018 F7D9     		bls	.L24
  99:Src/tim.c     ****         {
 281              		.loc 1 99 41 discriminator 1 view .LVU62
 282 001a 074B     		ldr	r3, .L27+8
 283 001c 1B78     		ldrb	r3, [r3]	@ zero_extendqisi2
  99:Src/tim.c     ****         {
 284              		.loc 1 99 28 discriminator 1 view .LVU63
 285 001e 002B     		cmp	r3, #0
 286 0020 F3D1     		bne	.L24
 101:Src/tim.c     ****             g_1s_flag = 1;
 287              		.loc 1 101 13 is_stmt 1 view .LVU64
 101:Src/tim.c     ****             g_1s_flag = 1;
ARM GAS  C:\Users\25339\AppData\Local\Temp\ccYbDpfW.s 			page 8


 288              		.loc 1 101 23 is_stmt 0 view .LVU65
 289 0022 1346     		mov	r3, r2
 290 0024 0022     		movs	r2, #0
 291 0026 1A70     		strb	r2, [r3]
 102:Src/tim.c     ****         }
 292              		.loc 1 102 13 is_stmt 1 view .LVU66
 102:Src/tim.c     ****         }
 293              		.loc 1 102 23 is_stmt 0 view .LVU67
 294 0028 034B     		ldr	r3, .L27+8
 295 002a 0122     		movs	r2, #1
 296 002c 1A70     		strb	r2, [r3]
 297              		.loc 1 105 1 view .LVU68
 298 002e ECE7     		b	.L24
 299              	.L28:
 300              		.align	2
 301              	.L27:
 302 0030 00000000 		.word	htim6
 303 0034 00000000 		.word	.LANCHOR0
 304 0038 00000000 		.word	.LANCHOR1
 305              		.cfi_endproc
 306              	.LFE68:
 308              		.comm	htim6,64,4
 309              		.global	g_1s_flag
 310              		.global	g_1s_tick
 311              		.section	.bss.g_1s_flag,"aw",%nobits
 312              		.set	.LANCHOR1,. + 0
 315              	g_1s_flag:
 316 0000 00       		.space	1
 317              		.section	.bss.g_1s_tick,"aw",%nobits
 318              		.set	.LANCHOR0,. + 0
 321              	g_1s_tick:
 322 0000 00       		.space	1
 323              		.text
 324              	.Letext0:
 325              		.file 2 "f:\\work_project\\9 2019-q4-major\\arm-none-eabi\\include\\machine\\_default_types.h"
 326              		.file 3 "f:\\work_project\\9 2019-q4-major\\arm-none-eabi\\include\\sys\\_stdint.h"
 327              		.file 4 "Drivers/CMSIS/Include/core_cm3.h"
 328              		.file 5 "Drivers/CMSIS/Device/ST/STM32F1xx/Include/system_stm32f1xx.h"
 329              		.file 6 "Drivers/CMSIS/Device/ST/STM32F1xx/Include/stm32f103xe.h"
 330              		.file 7 "Drivers/STM32F1xx_HAL_Driver/Inc/stm32f1xx_hal_def.h"
 331              		.file 8 "Drivers/STM32F1xx_HAL_Driver/Inc/stm32f1xx_hal_dma.h"
 332              		.file 9 "Drivers/STM32F1xx_HAL_Driver/Inc/stm32f1xx_hal_tim.h"
 333              		.file 10 "Drivers/STM32F1xx_HAL_Driver/Inc/stm32f1xx_hal.h"
 334              		.file 11 "Inc/tim.h"
 335              		.file 12 "Drivers/STM32F1xx_HAL_Driver/Inc/stm32f1xx_hal_cortex.h"
 336              		.file 13 "Drivers/STM32F1xx_HAL_Driver/Inc/stm32f1xx_hal_tim_ex.h"
 337              		.file 14 "Inc/main.h"
ARM GAS  C:\Users\25339\AppData\Local\Temp\ccYbDpfW.s 			page 9


DEFINED SYMBOLS
                            *ABS*:00000000 tim.c
C:\Users\25339\AppData\Local\Temp\ccYbDpfW.s:16     .text.MX_TIM6_Init:00000000 $t
C:\Users\25339\AppData\Local\Temp\ccYbDpfW.s:24     .text.MX_TIM6_Init:00000000 MX_TIM6_Init
C:\Users\25339\AppData\Local\Temp\ccYbDpfW.s:108    .text.MX_TIM6_Init:00000048 $d
                            *COM*:00000040 htim6
C:\Users\25339\AppData\Local\Temp\ccYbDpfW.s:114    .text.HAL_TIM_Base_MspInit:00000000 $t
C:\Users\25339\AppData\Local\Temp\ccYbDpfW.s:121    .text.HAL_TIM_Base_MspInit:00000000 HAL_TIM_Base_MspInit
C:\Users\25339\AppData\Local\Temp\ccYbDpfW.s:182    .text.HAL_TIM_Base_MspInit:0000003c $d
C:\Users\25339\AppData\Local\Temp\ccYbDpfW.s:187    .text.HAL_TIM_Base_MspDeInit:00000000 $t
C:\Users\25339\AppData\Local\Temp\ccYbDpfW.s:194    .text.HAL_TIM_Base_MspDeInit:00000000 HAL_TIM_Base_MspDeInit
C:\Users\25339\AppData\Local\Temp\ccYbDpfW.s:236    .text.HAL_TIM_Base_MspDeInit:00000020 $d
C:\Users\25339\AppData\Local\Temp\ccYbDpfW.s:242    .text.HAL_TIM_PeriodElapsedCallback:00000000 $t
C:\Users\25339\AppData\Local\Temp\ccYbDpfW.s:249    .text.HAL_TIM_PeriodElapsedCallback:00000000 HAL_TIM_PeriodElapsedCallback
C:\Users\25339\AppData\Local\Temp\ccYbDpfW.s:302    .text.HAL_TIM_PeriodElapsedCallback:00000030 $d
C:\Users\25339\AppData\Local\Temp\ccYbDpfW.s:315    .bss.g_1s_flag:00000000 g_1s_flag
C:\Users\25339\AppData\Local\Temp\ccYbDpfW.s:321    .bss.g_1s_tick:00000000 g_1s_tick
C:\Users\25339\AppData\Local\Temp\ccYbDpfW.s:316    .bss.g_1s_flag:00000000 $d
C:\Users\25339\AppData\Local\Temp\ccYbDpfW.s:322    .bss.g_1s_tick:00000000 $d

UNDEFINED SYMBOLS
HAL_TIM_Base_Init
HAL_TIMEx_MasterConfigSynchronization
Error_Handler
HAL_NVIC_SetPriority
HAL_NVIC_EnableIRQ
HAL_NVIC_DisableIRQ
