ARM GAS  C:\Users\25339\AppData\Local\Temp\ccbwtgsP.s 			page 1


   1              		.cpu cortex-m3
   2              		.eabi_attribute 20, 1
   3              		.eabi_attribute 21, 1
   4              		.eabi_attribute 23, 3
   5              		.eabi_attribute 24, 1
   6              		.eabi_attribute 25, 1
   7              		.eabi_attribute 26, 1
   8              		.eabi_attribute 30, 1
   9              		.eabi_attribute 34, 1
  10              		.eabi_attribute 18, 4
  11              		.file	"uart1.c"
  12              		.text
  13              	.Ltext0:
  14              		.cfi_sections	.debug_frame
  15              		.global	uart1_rxbuffer
  16              		.section	.bss.uart1_rxbuffer,"aw",%nobits
  17              		.align	2
  20              	uart1_rxbuffer:
  21 0000 00000000 		.space	256
  21      00000000 
  21      00000000 
  21      00000000 
  21      00000000 
  22              		.text
  23              	.Letext0:
  24              		.file 1 "f:\\work_project\\9 2019-q4-major\\arm-none-eabi\\include\\machine\\_default_types.h"
  25              		.file 2 "f:\\work_project\\9 2019-q4-major\\arm-none-eabi\\include\\sys\\_stdint.h"
  26              		.file 3 "Drivers/CMSIS/Include/core_cm3.h"
  27              		.file 4 "Drivers/CMSIS/Device/ST/STM32F1xx/Include/system_stm32f1xx.h"
  28              		.file 5 "Drivers/STM32F1xx_HAL_Driver/Inc/stm32f1xx_hal.h"
  29              		.file 6 "Inc/uart1.h"
  30              		.file 7 "Src/uart1.c"
ARM GAS  C:\Users\25339\AppData\Local\Temp\ccbwtgsP.s 			page 2


DEFINED SYMBOLS
                            *ABS*:00000000 uart1.c
C:\Users\25339\AppData\Local\Temp\ccbwtgsP.s:20     .bss.uart1_rxbuffer:00000000 uart1_rxbuffer
C:\Users\25339\AppData\Local\Temp\ccbwtgsP.s:17     .bss.uart1_rxbuffer:00000000 $d

NO UNDEFINED SYMBOLS
